feature-accessibility/build/intermediates/manifest_merge_blame_file/debug/processDebugManifest/manifest-merger-blame-debug-report.txt
1<?xml version="1.0" encoding="utf-8"?>
2<manifest xmlns:android="http://schemas.android.com/apk/res/android"
3    package="de.lootz.borderline.feature.accessibility" >
4
5    <uses-sdk android:minSdkVersion="28" />
6
7    <application>
7-->src\main\AndroidManifest.xml:2:5-16:19
8        <service
8-->src\main\AndroidManifest.xml:3:9-15:19
9            android:name="de.lootz.borderline.feature.accessibility.BorderlineAccessibilityService"
9-->src\main\AndroidManifest.xml:4:13-100
10            android:description="@string/accessibility_service_description"
10-->src\main\AndroidManifest.xml:5:13-76
11            android:exported="false"
11-->src\main\AndroidManifest.xml:6:13-37
12            android:label="@string/accessibility_service_label"
12-->src\main\AndroidManifest.xml:7:13-64
13            android:permission="android.permission.BIND_ACCESSIBILITY_SERVICE" >
13-->src\main\AndroidManifest.xml:8:13-79
14            <intent-filter>
14-->src\main\AndroidManifest.xml:9:13-11:29
15                <action android:name="android.accessibilityservice.AccessibilityService" />
15-->src\main\AndroidManifest.xml:10:17-92
15-->src\main\AndroidManifest.xml:10:25-89
16            </intent-filter>
17
18            <meta-data
18-->src\main\AndroidManifest.xml:12:13-14:76
19                android:name="android.accessibilityservice"
19-->src\main\AndroidManifest.xml:13:17-60
20                android:resource="@xml/borderline_accessibility_service" />
20-->src\main\AndroidManifest.xml:14:17-73
21        </service>
22    </application>
23
24</manifest>